#
# There is insufficient memory for the Java Runtime Environment to continue.
# Native memory allocation (malloc) failed to allocate 237056 bytes for Chunk::new
# Possible reasons:
#   The system is out of physical RAM or swap space
#   The process is running with CompressedOops enabled, and the Java Heap may be blocking the growth of the native heap
# Possible solutions:
#   Reduce memory load on the system
#   Increase physical memory or swap space
#   Check if swap backing store is full
#   Decrease Java heap size (-Xmx/-Xms)
#   Decrease number of Java threads
#   Decrease Java thread stack sizes (-Xss)
#   Set larger code cache with -XX:ReservedCodeCacheSize=
#   JVM is running with Unscaled Compressed Oops mode in which the Java heap is
#     placed in the first 4GB address space. The Java Heap base address is the
#     maximum limit for the native heap growth. Please use -XX:HeapBaseMinAddress
#     to set the Java Heap base and to place the Java Heap above 4GB virtual address.
# This output file may be truncated or incomplete.
#
#  Out of Memory Error (./src/hotspot/share/memory/arena.cpp:197), pid=17256, tid=3380
#
# JRE version: OpenJDK Runtime Environment Temurin-11.0.14.1+1 (11.0.14.1+1) (build 11.0.14.1+1)
# Java VM: OpenJDK 64-Bit Server VM Temurin-11.0.14.1+1 (11.0.14.1+1, mixed mode, tiered, compressed oops, g1 gc, windows-amd64)
# No core dump will be written. Minidumps are not enabled by default on client versions of Windows
#

---------------  S U M M A R Y ------------

Command Line: -Dfile.encoding=UTF-8 -Dcom.android.sdkmanager.toolsdir=D:\unity\2022.3.7f1\Editor\Data\PlaybackEngines\AndroidPlayer\SDK\cmdline-tools\6.0\bin\\.. com.android.sdklib.tool.AvdManagerCli list target -c

Host: 11th Gen Intel(R) Core(TM) i3-1115G4 @ 3.00GHz, 4 cores, 7G,  Windows 11 , 64 bit Build 22621 (10.0.22621.2506)
Time: Fri Dec 15 18:30:11 2023 India Standard Time elapsed time: 3.161068 seconds (0d 0h 0m 3s)

---------------  T H R E A D  ---------------

Current thread (0x000001c2c0e83800):  JavaThread "C2 CompilerThread0" daemon [_thread_in_native, id=3380, stack(0x00000099fe500000,0x00000099fe600000)]


Current CompileTask:
C2:   3161  749   !   4       jdk.internal.loader.URLClassPath$JarLoader::getResource (65 bytes)

Stack: [0x00000099fe500000,0x00000099fe600000]
Native frames: (J=compiled Java code, j=interpreted, Vv=VM code, C=native code)
V  [jvm.dll+0x61e59a]
V  [jvm.dll+0x7aaca9]
V  [jvm.dll+0x7ac398]
V  [jvm.dll+0x7aca73]
V  [jvm.dll+0x24f9b8]
V  [jvm.dll+0xc260c]
V  [jvm.dll+0xc2bcc]
V  [jvm.dll+0x2c1884]
V  [jvm.dll+0x52d899]
V  [jvm.dll+0x210fcd]
V  [jvm.dll+0x20ac34]
V  [jvm.dll+0x207ccb]
V  [jvm.dll+0x18a2c1]
V  [jvm.dll+0x217734]
V  [jvm.dll+0x21597b]
V  [jvm.dll+0x76d7c0]
V  [jvm.dll+0x766724]
V  [jvm.dll+0x61d3f6]
C  [ucrtbase.dll+0x29363]
C  [KERNEL32.DLL+0x1257d]
C  [ntdll.dll+0x5aa58]


---------------  P R O C E S S  ---------------

Threads class SMR info:
_java_thread_list=0x000001c2c1ded6e0, length=11, elements={
0x000001c2a280f800, 0x000001c2c0e64000, 0x000001c2c0e6d000, 0x000001c2c0e7c800,
0x000001c2c0e7f800, 0x000001c2c0e80800, 0x000001c2c0e83800, 0x000001c2c0e89000,
0x000001c2c0e97800, 0x000001c2c1976800, 0x000001c2c1f69000
}

Java Threads: ( => current thread )
  0x000001c2a280f800 JavaThread "main" [_thread_blocked, id=11936, stack(0x00000099fd900000,0x00000099fda00000)]
  0x000001c2c0e64000 JavaThread "Reference Handler" daemon [_thread_blocked, id=11920, stack(0x00000099fe000000,0x00000099fe100000)]
  0x000001c2c0e6d000 JavaThread "Finalizer" daemon [_thread_blocked, id=7684, stack(0x00000099fe100000,0x00000099fe200000)]
  0x000001c2c0e7c800 JavaThread "Signal Dispatcher" daemon [_thread_blocked, id=14496, stack(0x00000099fe200000,0x00000099fe300000)]
  0x000001c2c0e7f800 JavaThread "Attach Listener" daemon [_thread_blocked, id=9848, stack(0x00000099fe300000,0x00000099fe400000)]
  0x000001c2c0e80800 JavaThread "Service Thread" daemon [_thread_blocked, id=1360, stack(0x00000099fe400000,0x00000099fe500000)]
=>0x000001c2c0e83800 JavaThread "C2 CompilerThread0" daemon [_thread_in_native, id=3380, stack(0x00000099fe500000,0x00000099fe600000)]
  0x000001c2c0e89000 JavaThread "C1 CompilerThread0" daemon [_thread_in_native, id=13316, stack(0x00000099fe600000,0x00000099fe700000)]
  0x000001c2c0e97800 JavaThread "Sweeper thread" daemon [_thread_blocked, id=12264, stack(0x00000099fe700000,0x00000099fe800000)]
  0x000001c2c1976800 JavaThread "Common-Cleaner" daemon [_thread_blocked, id=5300, stack(0x00000099fe900000,0x00000099fea00000)]
  0x000001c2c1f69000 JavaThread "C2 CompilerThread1" daemon [_thread_blocked, id=15952, stack(0x00000099fec00000,0x00000099fed00000)]

Other Threads:
  0x000001c2c0e41000 VMThread "VM Thread" [stack: 0x00000099fdf00000,0x00000099fe000000] [id=7924]
  0x000001c2c1968800 WatcherThread [stack: 0x00000099fe800000,0x00000099fe900000] [id=12200]
  0x000001c2a077e800 GCTaskThread "GC Thread#0" [stack: 0x00000099fda00000,0x00000099fdb00000] [id=18948]
  0x000001c2c1f34000 GCTaskThread "GC Thread#1" [stack: 0x00000099fea00000,0x00000099feb00000] [id=11268]
  0x000001c2c1bfb800 GCTaskThread "GC Thread#2" [stack: 0x00000099feb00000,0x00000099fec00000] [id=7232]
  0x000001c2a2854800 ConcurrentGCThread "G1 Main Marker" [stack: 0x00000099fdb00000,0x00000099fdc00000] [id=10780]
  0x000001c2a2856000 ConcurrentGCThread "G1 Conc#0" [stack: 0x00000099fdc00000,0x00000099fdd00000] [id=9844]
  0x000001c2a28d9000 ConcurrentGCThread "G1 Refine#0" [stack: 0x00000099fdd00000,0x00000099fde00000] [id=17740]
  0x000001c2c0cb0800 ConcurrentGCThread "G1 Young RemSet Sampling" [stack: 0x00000099fde00000,0x00000099fdf00000] [id=9256]

Threads with active compile tasks:
C2 CompilerThread0   3185  749   !   4       jdk.internal.loader.URLClassPath$JarLoader::getResource (65 bytes)

VM state:not at safepoint (normal execution)

VM Mutex/Monitor currently owned by a thread: None

Heap address: 0x0000000083600000, size: 1994 MB, Compressed Oops mode: 32-bit
Narrow klass base: 0x0000000000000000, Narrow klass shift: 3
Compressed class space size: 1073741824 Address: 0x0000000100000000

Heap:
 garbage-first heap   total 129024K, used 6847K [0x0000000083600000, 0x0000000100000000)
  region size 1024K, 7 young (7168K), 2 survivors (2048K)
 Metaspace       used 12377K, capacity 12509K, committed 12800K, reserved 1060864K
  class space    used 1168K, capacity 1212K, committed 1280K, reserved 1048576K
Heap Regions: E=young(eden), S=young(survivor), O=old, HS=humongous(starts), HC=humongous(continues), CS=collection set, F=free, A=archive, TAMS=top-at-mark-start (previous, next)
|   0|0x0000000083600000, 0x0000000083600000, 0x0000000083700000|  0%| F|  |TAMS 0x0000000083600000, 0x0000000083600000| Untracked 
|   1|0x0000000083700000, 0x00000000837afe00, 0x0000000083800000| 68%| O|  |TAMS 0x0000000083700000, 0x0000000083700000| Untracked 
|   2|0x0000000083800000, 0x0000000083800000, 0x0000000083900000|  0%| F|  |TAMS 0x0000000083800000, 0x0000000083800000| Untracked 
|   3|0x0000000083900000, 0x0000000083900000, 0x0000000083a00000|  0%| F|  |TAMS 0x0000000083900000, 0x0000000083900000| Untracked 
|   4|0x0000000083a00000, 0x0000000083a00000, 0x0000000083b00000|  0%| F|  |TAMS 0x0000000083a00000, 0x0000000083a00000| Untracked 
|   5|0x0000000083b00000, 0x0000000083b00000, 0x0000000083c00000|  0%| F|  |TAMS 0x0000000083b00000, 0x0000000083b00000| Untracked 
|   6|0x0000000083c00000, 0x0000000083c00000, 0x0000000083d00000|  0%| F|  |TAMS 0x0000000083c00000, 0x0000000083c00000| Untracked 
|   7|0x0000000083d00000, 0x0000000083d00000, 0x0000000083e00000|  0%| F|  |TAMS 0x0000000083d00000, 0x0000000083d00000| Untracked 
|   8|0x0000000083e00000, 0x0000000083e00000, 0x0000000083f00000|  0%| F|  |TAMS 0x0000000083e00000, 0x0000000083e00000| Untracked 
|   9|0x0000000083f00000, 0x0000000083f00000, 0x0000000084000000|  0%| F|  |TAMS 0x0000000083f00000, 0x0000000083f00000| Untracked 
|  10|0x0000000084000000, 0x0000000084000000, 0x0000000084100000|  0%| F|  |TAMS 0x0000000084000000, 0x0000000084000000| Untracked 
|  11|0x0000000084100000, 0x0000000084100000, 0x0000000084200000|  0%| F|  |TAMS 0x0000000084100000, 0x0000000084100000| Untracked 
|  12|0x0000000084200000, 0x0000000084200000, 0x0000000084300000|  0%| F|  |TAMS 0x0000000084200000, 0x0000000084200000| Untracked 
|  13|0x0000000084300000, 0x0000000084300000, 0x0000000084400000|  0%| F|  |TAMS 0x0000000084300000, 0x0000000084300000| Untracked 
|  14|0x0000000084400000, 0x0000000084400000, 0x0000000084500000|  0%| F|  |TAMS 0x0000000084400000, 0x0000000084400000| Untracked 
|  15|0x0000000084500000, 0x0000000084500000, 0x0000000084600000|  0%| F|  |TAMS 0x0000000084500000, 0x0000000084500000| Untracked 
|  16|0x0000000084600000, 0x0000000084600000, 0x0000000084700000|  0%| F|  |TAMS 0x0000000084600000, 0x0000000084600000| Untracked 
|  17|0x0000000084700000, 0x0000000084700000, 0x0000000084800000|  0%| F|  |TAMS 0x0000000084700000, 0x0000000084700000| Untracked 
|  18|0x0000000084800000, 0x0000000084800000, 0x0000000084900000|  0%| F|  |TAMS 0x0000000084800000, 0x0000000084800000| Untracked 
|  19|0x0000000084900000, 0x0000000084900000, 0x0000000084a00000|  0%| F|  |TAMS 0x0000000084900000, 0x0000000084900000| Untracked 
|  20|0x0000000084a00000, 0x0000000084a00000, 0x0000000084b00000|  0%| F|  |TAMS 0x0000000084a00000, 0x0000000084a00000| Untracked 
|  21|0x0000000084b00000, 0x0000000084b00000, 0x0000000084c00000|  0%| F|  |TAMS 0x0000000084b00000, 0x0000000084b00000| Untracked 
|  22|0x0000000084c00000, 0x0000000084c00000, 0x0000000084d00000|  0%| F|  |TAMS 0x0000000084c00000, 0x0000000084c00000| Untracked 
|  23|0x0000000084d00000, 0x0000000084d00000, 0x0000000084e00000|  0%| F|  |TAMS 0x0000000084d00000, 0x0000000084d00000| Untracked 
|  24|0x0000000084e00000, 0x0000000084e00000, 0x0000000084f00000|  0%| F|  |TAMS 0x0000000084e00000, 0x0000000084e00000| Untracked 
|  25|0x0000000084f00000, 0x0000000084f00000, 0x0000000085000000|  0%| F|  |TAMS 0x0000000084f00000, 0x0000000084f00000| Untracked 
|  26|0x0000000085000000, 0x0000000085000000, 0x0000000085100000|  0%| F|  |TAMS 0x0000000085000000, 0x0000000085000000| Untracked 
|  27|0x0000000085100000, 0x0000000085100000, 0x0000000085200000|  0%| F|  |TAMS 0x0000000085100000, 0x0000000085100000| Untracked 
|  28|0x0000000085200000, 0x0000000085200000, 0x0000000085300000|  0%| F|  |TAMS 0x0000000085200000, 0x0000000085200000| Untracked 
|  29|0x0000000085300000, 0x0000000085300000, 0x0000000085400000|  0%| F|  |TAMS 0x0000000085300000, 0x0000000085300000| Untracked 
|  30|0x0000000085400000, 0x0000000085400000, 0x0000000085500000|  0%| F|  |TAMS 0x0000000085400000, 0x0000000085400000| Untracked 
|  31|0x0000000085500000, 0x0000000085500000, 0x0000000085600000|  0%| F|  |TAMS 0x0000000085500000, 0x0000000085500000| Untracked 
|  32|0x0000000085600000, 0x0000000085600000, 0x0000000085700000|  0%| F|  |TAMS 0x0000000085600000, 0x0000000085600000| Untracked 
|  33|0x0000000085700000, 0x0000000085700000, 0x0000000085800000|  0%| F|  |TAMS 0x0000000085700000, 0x0000000085700000| Untracked 
|  34|0x0000000085800000, 0x0000000085800000, 0x0000000085900000|  0%| F|  |TAMS 0x0000000085800000, 0x0000000085800000| Untracked 
|  35|0x0000000085900000, 0x0000000085900000, 0x0000000085a00000|  0%| F|  |TAMS 0x0000000085900000, 0x0000000085900000| Untracked 
|  36|0x0000000085a00000, 0x0000000085a00000, 0x0000000085b00000|  0%| F|  |TAMS 0x0000000085a00000, 0x0000000085a00000| Untracked 
|  37|0x0000000085b00000, 0x0000000085b00000, 0x0000000085c00000|  0%| F|  |TAMS 0x0000000085b00000, 0x0000000085b00000| Untracked 
|  38|0x0000000085c00000, 0x0000000085c00000, 0x0000000085d00000|  0%| F|  |TAMS 0x0000000085c00000, 0x0000000085c00000| Untracked 
|  39|0x0000000085d00000, 0x0000000085d00000, 0x0000000085e00000|  0%| F|  |TAMS 0x0000000085d00000, 0x0000000085d00000| Untracked 
|  40|0x0000000085e00000, 0x0000000085e00000, 0x0000000085f00000|  0%| F|  |TAMS 0x0000000085e00000, 0x0000000085e00000| Untracked 
|  41|0x0000000085f00000, 0x0000000085f00000, 0x0000000086000000|  0%| F|  |TAMS 0x0000000085f00000, 0x0000000085f00000| Untracked 
|  42|0x0000000086000000, 0x0000000086000000, 0x0000000086100000|  0%| F|  |TAMS 0x0000000086000000, 0x0000000086000000| Untracked 
|  43|0x0000000086100000, 0x0000000086100000, 0x0000000086200000|  0%| F|  |TAMS 0x0000000086100000, 0x0000000086100000| Untracked 
|  44|0x0000000086200000, 0x0000000086200000, 0x0000000086300000|  0%| F|  |TAMS 0x0000000086200000, 0x0000000086200000| Untracked 
|  45|0x0000000086300000, 0x0000000086300000, 0x0000000086400000|  0%| F|  |TAMS 0x0000000086300000, 0x0000000086300000| Untracked 
|  46|0x0000000086400000, 0x0000000086400000, 0x0000000086500000|  0%| F|  |TAMS 0x0000000086400000, 0x0000000086400000| Untracked 
|  47|0x0000000086500000, 0x0000000086500000, 0x0000000086600000|  0%| F|  |TAMS 0x0000000086500000, 0x0000000086500000| Untracked 
|  48|0x0000000086600000, 0x0000000086600000, 0x0000000086700000|  0%| F|  |TAMS 0x0000000086600000, 0x0000000086600000| Untracked 
|  49|0x0000000086700000, 0x0000000086700000, 0x0000000086800000|  0%| F|  |TAMS 0x0000000086700000, 0x0000000086700000| Untracked 
|  50|0x0000000086800000, 0x0000000086800000, 0x0000000086900000|  0%| F|  |TAMS 0x0000000086800000, 0x0000000086800000| Untracked 
|  51|0x0000000086900000, 0x0000000086900000, 0x0000000086a00000|  0%| F|  |TAMS 0x0000000086900000, 0x0000000086900000| Untracked 
|  52|0x0000000086a00000, 0x0000000086a00000, 0x0000000086b00000|  0%| F|  |TAMS 0x0000000086a00000, 0x0000000086a00000| Untracked 
|  53|0x0000000086b00000, 0x0000000086b00000, 0x0000000086c00000|  0%| F|  |TAMS 0x0000000086b00000, 0x0000000086b00000| Untracked 
|  54|0x0000000086c00000, 0x0000000086c00000, 0x0000000086d00000|  0%| F|  |TAMS 0x0000000086c00000, 0x0000000086c00000| Untracked 
|  55|0x0000000086d00000, 0x0000000086d00000, 0x0000000086e00000|  0%| F|  |TAMS 0x0000000086d00000, 0x0000000086d00000| Untracked 
|  56|0x0000000086e00000, 0x0000000086e00000, 0x0000000086f00000|  0%| F|  |TAMS 0x0000000086e00000, 0x0000000086e00000| Untracked 
|  57|0x0000000086f00000, 0x0000000086f00000, 0x0000000087000000|  0%| F|  |TAMS 0x0000000086f00000, 0x0000000086f00000| Untracked 
|  58|0x0000000087000000, 0x0000000087000000, 0x0000000087100000|  0%| F|  |TAMS 0x0000000087000000, 0x0000000087000000| Untracked 
|  59|0x0000000087100000, 0x0000000087100000, 0x0000000087200000|  0%| F|  |TAMS 0x0000000087100000, 0x0000000087100000| Untracked 
|  60|0x0000000087200000, 0x0000000087200000, 0x0000000087300000|  0%| F|  |TAMS 0x0000000087200000, 0x0000000087200000| Untracked 
|  61|0x0000000087300000, 0x0000000087300000, 0x0000000087400000|  0%| F|  |TAMS 0x0000000087300000, 0x0000000087300000| Untracked 
|  62|0x0000000087400000, 0x0000000087400000, 0x0000000087500000|  0%| F|  |TAMS 0x0000000087400000, 0x0000000087400000| Untracked 
|  63|0x0000000087500000, 0x0000000087500000, 0x0000000087600000|  0%| F|  |TAMS 0x0000000087500000, 0x0000000087500000| Untracked 
|  64|0x0000000087600000, 0x0000000087600000, 0x0000000087700000|  0%| F|  |TAMS 0x0000000087600000, 0x0000000087600000| Untracked 
|  65|0x0000000087700000, 0x0000000087700000, 0x0000000087800000|  0%| F|  |TAMS 0x0000000087700000, 0x0000000087700000| Untracked 
|  66|0x0000000087800000, 0x0000000087800000, 0x0000000087900000|  0%| F|  |TAMS 0x0000000087800000, 0x0000000087800000| Untracked 
|  67|0x0000000087900000, 0x0000000087900000, 0x0000000087a00000|  0%| F|  |TAMS 0x0000000087900000, 0x0000000087900000| Untracked 
|  68|0x0000000087a00000, 0x0000000087a00000, 0x0000000087b00000|  0%| F|  |TAMS 0x0000000087a00000, 0x0000000087a00000| Untracked 
|  69|0x0000000087b00000, 0x0000000087b00000, 0x0000000087c00000|  0%| F|  |TAMS 0x0000000087b00000, 0x0000000087b00000| Untracked 
|  70|0x0000000087c00000, 0x0000000087c00000, 0x0000000087d00000|  0%| F|  |TAMS 0x0000000087c00000, 0x0000000087c00000| Untracked 
|  71|0x0000000087d00000, 0x0000000087d00000, 0x0000000087e00000|  0%| F|  |TAMS 0x0000000087d00000, 0x0000000087d00000| Untracked 
|  72|0x0000000087e00000, 0x0000000087e00000, 0x0000000087f00000|  0%| F|  |TAMS 0x0000000087e00000, 0x0000000087e00000| Untracked 
|  73|0x0000000087f00000, 0x0000000087f00000, 0x0000000088000000|  0%| F|  |TAMS 0x0000000087f00000, 0x0000000087f00000| Untracked 
|  74|0x0000000088000000, 0x0000000088000000, 0x0000000088100000|  0%| F|  |TAMS 0x0000000088000000, 0x0000000088000000| Untracked 
|  75|0x0000000088100000, 0x0000000088100000, 0x0000000088200000|  0%| F|  |TAMS 0x0000000088100000, 0x0000000088100000| Untracked 
|  76|0x0000000088200000, 0x0000000088200000, 0x0000000088300000|  0%| F|  |TAMS 0x0000000088200000, 0x0000000088200000| Untracked 
|  77|0x0000000088300000, 0x0000000088300000, 0x0000000088400000|  0%| F|  |TAMS 0x0000000088300000, 0x0000000088300000| Untracked 
|  78|0x0000000088400000, 0x0000000088400000, 0x0000000088500000|  0%| F|  |TAMS 0x0000000088400000, 0x0000000088400000| Untracked 
|  79|0x0000000088500000, 0x0000000088500000, 0x0000000088600000|  0%| F|  |TAMS 0x0000000088500000, 0x0000000088500000| Untracked 
|  80|0x0000000088600000, 0x0000000088600000, 0x0000000088700000|  0%| F|  |TAMS 0x0000000088600000, 0x0000000088600000| Untracked 
|  81|0x0000000088700000, 0x0000000088700000, 0x0000000088800000|  0%| F|  |TAMS 0x0000000088700000, 0x0000000088700000| Untracked 
|  82|0x0000000088800000, 0x0000000088800000, 0x0000000088900000|  0%| F|  |TAMS 0x0000000088800000, 0x0000000088800000| Untracked 
|  83|0x0000000088900000, 0x0000000088900000, 0x0000000088a00000|  0%| F|  |TAMS 0x0000000088900000, 0x0000000088900000| Untracked 
|  84|0x0000000088a00000, 0x0000000088a00000, 0x0000000088b00000|  0%| F|  |TAMS 0x0000000088a00000, 0x0000000088a00000| Untracked 
|  85|0x0000000088b00000, 0x0000000088b00000, 0x0000000088c00000|  0%| F|  |TAMS 0x0000000088b00000, 0x0000000088b00000| Untracked 
|  86|0x0000000088c00000, 0x0000000088c00000, 0x0000000088d00000|  0%| F|  |TAMS 0x0000000088c00000, 0x0000000088c00000| Untracked 
|  87|0x0000000088d00000, 0x0000000088d00000, 0x0000000088e00000|  0%| F|  |TAMS 0x0000000088d00000, 0x0000000088d00000| Untracked 
|  88|0x0000000088e00000, 0x0000000088e00000, 0x0000000088f00000|  0%| F|  |TAMS 0x0000000088e00000, 0x0000000088e00000| Untracked 
|  89|0x0000000088f00000, 0x0000000088f00000, 0x0000000089000000|  0%| F|  |TAMS 0x0000000088f00000, 0x0000000088f00000| Untracked 
|  90|0x0000000089000000, 0x0000000089000000, 0x0000000089100000|  0%| F|  |TAMS 0x0000000089000000, 0x0000000089000000| Untracked 
|  91|0x0000000089100000, 0x0000000089100000, 0x0000000089200000|  0%| F|  |TAMS 0x0000000089100000, 0x0000000089100000| Untracked 
|  92|0x0000000089200000, 0x0000000089200000, 0x0000000089300000|  0%| F|  |TAMS 0x0000000089200000, 0x0000000089200000| Untracked 
|  93|0x0000000089300000, 0x0000000089300000, 0x0000000089400000|  0%| F|  |TAMS 0x0000000089300000, 0x0000000089300000| Untracked 
|  94|0x0000000089400000, 0x0000000089400000, 0x0000000089500000|  0%| F|  |TAMS 0x0000000089400000, 0x0000000089400000| Untracked 
|  95|0x0000000089500000, 0x0000000089500000, 0x0000000089600000|  0%| F|  |TAMS 0x0000000089500000, 0x0000000089500000| Untracked 
|  96|0x0000000089600000, 0x0000000089600000, 0x0000000089700000|  0%| F|  |TAMS 0x0000000089600000, 0x0000000089600000| Untracked 
|  97|0x0000000089700000, 0x0000000089700000, 0x0000000089800000|  0%| F|  |TAMS 0x0000000089700000, 0x0000000089700000| Untracked 
|  98|0x0000000089800000, 0x0000000089800000, 0x0000000089900000|  0%| F|  |TAMS 0x0000000089800000, 0x0000000089800000| Untracked 
|  99|0x0000000089900000, 0x0000000089900000, 0x0000000089a00000|  0%| F|  |TAMS 0x0000000089900000, 0x0000000089900000| Untracked 
| 100|0x0000000089a00000, 0x0000000089a00000, 0x0000000089b00000|  0%| F|  |TAMS 0x0000000089a00000, 0x0000000089a00000| Untracked 
| 101|0x0000000089b00000, 0x0000000089b00000, 0x0000000089c00000|  0%| F|  |TAMS 0x0000000089b00000, 0x0000000089b00000| Untracked 
| 102|0x0000000089c00000, 0x0000000089c00000, 0x0000000089d00000|  0%| F|  |TAMS 0x0000000089c00000, 0x0000000089c00000| Untracked 
| 103|0x0000000089d00000, 0x0000000089d00000, 0x0000000089e00000|  0%| F|  |TAMS 0x0000000089d00000, 0x0000000089d00000| Untracked 
| 104|0x0000000089e00000, 0x0000000089e00000, 0x0000000089f00000|  0%| F|  |TAMS 0x0000000089e00000, 0x0000000089e00000| Untracked 
| 105|0x0000000089f00000, 0x0000000089f00000, 0x000000008a000000|  0%| F|  |TAMS 0x0000000089f00000, 0x0000000089f00000| Untracked 
| 106|0x000000008a000000, 0x000000008a000000, 0x000000008a100000|  0%| F|  |TAMS 0x000000008a000000, 0x000000008a000000| Untracked 
| 107|0x000000008a100000, 0x000000008a100000, 0x000000008a200000|  0%| F|  |TAMS 0x000000008a100000, 0x000000008a100000| Untracked 
| 108|0x000000008a200000, 0x000000008a200000, 0x000000008a300000|  0%| F|  |TAMS 0x000000008a200000, 0x000000008a200000| Untracked 
| 109|0x000000008a300000, 0x000000008a300000, 0x000000008a400000|  0%| F|  |TAMS 0x000000008a300000, 0x000000008a300000| Untracked 
| 110|0x000000008a400000, 0x000000008a500000, 0x000000008a500000|100%| S|CS|TAMS 0x000000008a400000, 0x000000008a400000| Complete 
| 111|0x000000008a500000, 0x000000008a600000, 0x000000008a600000|100%| S|CS|TAMS 0x000000008a500000, 0x000000008a500000| Complete 
| 112|0x000000008a600000, 0x000000008a600000, 0x000000008a700000|  0%| F|  |TAMS 0x000000008a600000, 0x000000008a600000| Untracked 
| 113|0x000000008a700000, 0x000000008a700000, 0x000000008a800000|  0%| F|  |TAMS 0x000000008a700000, 0x000000008a700000| Untracked 
| 114|0x000000008a800000, 0x000000008a800000, 0x000000008a900000|  0%| F|  |TAMS 0x000000008a800000, 0x000000008a800000| Untracked 
| 115|0x000000008a900000, 0x000000008a900000, 0x000000008aa00000|  0%| F|  |TAMS 0x000000008a900000, 0x000000008a900000| Untracked 
| 116|0x000000008aa00000, 0x000000008aa00000, 0x000000008ab00000|  0%| F|  |TAMS 0x000000008aa00000, 0x000000008aa00000| Untracked 
| 117|0x000000008ab00000, 0x000000008ab00000, 0x000000008ac00000|  0%| F|  |TAMS 0x000000008ab00000, 0x000000008ab00000| Untracked 
| 118|0x000000008ac00000, 0x000000008ac00000, 0x000000008ad00000|  0%| F|  |TAMS 0x000000008ac00000, 0x000000008ac00000| Untracked 
| 119|0x000000008ad00000, 0x000000008ad00000, 0x000000008ae00000|  0%| F|  |TAMS 0x000000008ad00000, 0x000000008ad00000| Untracked 
| 120|0x000000008ae00000, 0x000000008ae811e0, 0x000000008af00000| 50%| E|  |TAMS 0x000000008ae00000, 0x000000008ae00000| Complete 
| 121|0x000000008af00000, 0x000000008b000000, 0x000000008b000000|100%| E|CS|TAMS 0x000000008af00000, 0x000000008af00000| Complete 
| 122|0x000000008b000000, 0x000000008b100000, 0x000000008b100000|100%| E|CS|TAMS 0x000000008b000000, 0x000000008b000000| Complete 
| 123|0x000000008b100000, 0x000000008b200000, 0x000000008b200000|100%| E|CS|TAMS 0x000000008b100000, 0x000000008b100000| Complete 
| 124|0x000000008b200000, 0x000000008b300000, 0x000000008b300000|100%| E|CS|TAMS 0x000000008b200000, 0x000000008b200000| Complete 
| 125|0x000000008b300000, 0x000000008b400000, 0x000000008b400000|100%| E|CS|TAMS 0x000000008b300000, 0x000000008b300000| Complete 

Card table byte_map: [0x000001c2ba330000,0x000001c2ba720000] _byte_map_base: 0x000001c2b9f15000

Marking Bits (Prev, Next): (CMBitMap*) 0x000001c2a284b098, (CMBitMap*) 0x000001c2a284b0d0
 Prev Bits: [0x000001c2bab10000, 0x000001c2bca38000)
 Next Bits: [0x000001c2bca40000, 0x000001c2be968000)

Polling page: 0x000001c2a07c0000

Metaspace:

Usage:
  Non-class:     11.03 MB capacity,    10.97 MB (>99%) used,    53.18 KB ( <1%) free+waste,    11.94 KB ( <1%) overhead. 
      Class:      1.18 MB capacity,     1.14 MB ( 97%) used,    34.76 KB (  3%) free+waste,     4.81 KB ( <1%) overhead. 
       Both:     12.22 MB capacity,    12.11 MB (>99%) used,    87.94 KB ( <1%) free+waste,    16.75 KB ( <1%) overhead. 

Virtual space:
  Non-class space:       12.00 MB reserved,      11.25 MB ( 94%) committed 
      Class space:        1.00 GB reserved,       1.25 MB ( <1%) committed 
             Both:        1.01 GB reserved,      12.50 MB (  1%) committed 

Chunk freelists:
   Non-Class:  31.00 KB
       Class:  4.00 KB
        Both:  35.00 KB

MaxMetaspaceSize: 17179869184.00 GB
CompressedClassSpaceSize: 1.00 GB
Initial GC threshold: 20.80 MB
Current GC threshold: 20.80 MB
CDS: off

CodeHeap 'non-profiled nmethods': size=120064Kb used=240Kb max_used=240Kb free=119823Kb
 bounds [0x000001c2b2a00000, 0x000001c2b2c70000, 0x000001c2b9f40000]
CodeHeap 'profiled nmethods': size=120000Kb used=1378Kb max_used=1378Kb free=118621Kb
 bounds [0x000001c2ab4d0000, 0x000001c2ab740000, 0x000001c2b2a00000]
CodeHeap 'non-nmethods': size=5696Kb used=1151Kb max_used=1169Kb free=4544Kb
 bounds [0x000001c2aaf40000, 0x000001c2ab1b0000, 0x000001c2ab4d0000]
 total_blobs=1178 nmethods=783 adapters=308
 compilation: enabled
              stopped_count=0, restarted_count=0
 full_count=0

Compilation events (20 events):
Event: 3.148 Thread 0x000001c2c0e89000  752       3       java.util.ArrayList::add (23 bytes)
Event: 3.148 Thread 0x000001c2c0e89000 nmethod 752 0x000001c2ab615590 code [0x000001c2ab6157a0, 0x000001c2ab615cd8]
Event: 3.149 Thread 0x000001c2c1f69000  750   !   4       java.util.jar.JarFile::checkForSpecialAttributes (163 bytes)
Event: 3.149 Thread 0x000001c2c0e89000  753       3       java.util.zip.ZipUtils::CENATX_PERMS (9 bytes)
Event: 3.149 Thread 0x000001c2c0e89000 nmethod 753 0x000001c2ab615f10 code [0x000001c2ab6160c0, 0x000001c2ab616258]
Event: 3.155 Thread 0x000001c2c0e89000  754       3       java.util.jar.Manifest$FastInputStream::peek (38 bytes)
Event: 3.155 Thread 0x000001c2c0e89000 nmethod 754 0x000001c2ab616390 code [0x000001c2ab616560, 0x000001c2ab616768]
Event: 3.156 Thread 0x000001c2c0e89000  755  s    3       java.util.jar.JarFile::getInputStream (72 bytes)
Event: 3.156 Thread 0x000001c2c0e89000 nmethod 755 0x000001c2ab616890 code [0x000001c2ab616ac0, 0x000001c2ab6170b8]
Event: 3.157 Thread 0x000001c2c0e89000  756       3       jdk.internal.loader.URLClassPath$JarLoader$2::getManifest (26 bytes)
Event: 3.157 Thread 0x000001c2c0e89000 nmethod 756 0x000001c2ab617290 code [0x000001c2ab6174a0, 0x000001c2ab617948]
Event: 3.157 Thread 0x000001c2c0e89000  757       3       java.util.jar.JavaUtilJarAccessImpl::ensureInitialization (5 bytes)
Event: 3.157 Thread 0x000001c2c0e89000 nmethod 757 0x000001c2ab617b90 code [0x000001c2ab617d40, 0x000001c2ab617ee8]
Event: 3.157 Thread 0x000001c2c0e89000  758  s!   3       java.util.jar.JarFile::ensureInitialization (74 bytes)
Event: 3.158 Thread 0x000001c2c0e89000 nmethod 758 0x000001c2ab617f90 code [0x000001c2ab618260, 0x000001c2ab619448]
Event: 3.158 Thread 0x000001c2c0e89000  759       3       jdk.internal.loader.ClassLoaders$AppClassLoader::defineOrCheckPackage (8 bytes)
Event: 3.158 Thread 0x000001c2c0e89000 nmethod 759 0x000001c2ab619910 code [0x000001c2ab619ac0, 0x000001c2ab619be8]
Event: 3.158 Thread 0x000001c2c0e89000  760   !   3       jdk.internal.loader.BuiltinClassLoader::defineOrCheckPackage (93 bytes)
Event: 3.159 Thread 0x000001c2c0e89000 nmethod 760 0x000001c2ab619c90 code [0x000001c2ab619f40, 0x000001c2ab61aa98]
Event: 3.159 Thread 0x000001c2c0e89000  761       3       jdk.internal.loader.BuiltinClassLoader::getAndVerifyPackage (109 bytes)

GC Heap History (2 events):
Event: 3.082 GC heap before
{Heap before GC invocations=0 (full 0):
 garbage-first heap   total 129024K, used 15360K [0x0000000083600000, 0x0000000100000000)
  region size 1024K, 14 young (14336K), 0 survivors (0K)
 Metaspace       used 11111K, capacity 11290K, committed 11392K, reserved 1058816K
  class space    used 1018K, capacity 1083K, committed 1152K, reserved 1048576K
}
Event: 3.094 GC heap after
{Heap after GC invocations=1 (full 0):
 garbage-first heap   total 129024K, used 2751K [0x0000000083600000, 0x0000000100000000)
  region size 1024K, 2 young (2048K), 2 survivors (2048K)
 Metaspace       used 11111K, capacity 11290K, committed 11392K, reserved 1058816K
  class space    used 1018K, capacity 1083K, committed 1152K, reserved 1048576K
}

Deoptimization events (20 events):
Event: 0.346 Thread 0x000001c2a280f800 DEOPT PACKING pc=0x000001c2ab4f47bb sp=0x00000099fd9f8bc0
Event: 0.346 Thread 0x000001c2a280f800 DEOPT UNPACKING pc=0x000001c2aaf89d0e sp=0x00000099fd9f8090 mode 0
Event: 0.346 Thread 0x000001c2a280f800 DEOPT PACKING pc=0x000001c2ab4f4e0e sp=0x00000099fd9f8bf0
Event: 0.347 Thread 0x000001c2a280f800 DEOPT UNPACKING pc=0x000001c2aaf89d0e sp=0x00000099fd9f8090 mode 0
Event: 0.347 Thread 0x000001c2a280f800 DEOPT PACKING pc=0x000001c2ab4f47bb sp=0x00000099fd9f8bc0
Event: 0.347 Thread 0x000001c2a280f800 DEOPT UNPACKING pc=0x000001c2aaf89d0e sp=0x00000099fd9f8090 mode 0
Event: 1.314 Thread 0x000001c2a280f800 DEOPT PACKING pc=0x000001c2ab515c22 sp=0x00000099fd9fdf40
Event: 1.314 Thread 0x000001c2a280f800 DEOPT UNPACKING pc=0x000001c2aaf89d0e sp=0x00000099fd9fd3a8 mode 0
Event: 1.323 Thread 0x000001c2a280f800 DEOPT PACKING pc=0x000001c2ab502a50 sp=0x00000099fd9f7750
Event: 1.323 Thread 0x000001c2a280f800 DEOPT UNPACKING pc=0x000001c2aaf89d0e sp=0x00000099fd9f6bd8 mode 0
Event: 1.326 Thread 0x000001c2a280f800 DEOPT PACKING pc=0x000001c2ab502a50 sp=0x00000099fd9ee1b0
Event: 1.326 Thread 0x000001c2a280f800 DEOPT UNPACKING pc=0x000001c2aaf89d0e sp=0x00000099fd9ed638 mode 0
Event: 1.556 Thread 0x000001c2a280f800 DEOPT PACKING pc=0x000001c2ab50f21c sp=0x00000099fd9fbe40
Event: 1.556 Thread 0x000001c2a280f800 DEOPT UNPACKING pc=0x000001c2aaf89d0e sp=0x00000099fd9fb300 mode 1
Event: 1.556 Thread 0x000001c2a280f800 DEOPT PACKING pc=0x000001c2ab522b74 sp=0x00000099fd9fd9e0
Event: 1.556 Thread 0x000001c2a280f800 DEOPT UNPACKING pc=0x000001c2aaf89d0e sp=0x00000099fd9fcef8 mode 1
Event: 3.072 Thread 0x000001c2a280f800 Uncommon trap: trap_request=0xffffff4d fr.pc=0x000001c2b2a0fd00 relative=0x0000000000000060
Event: 3.072 Thread 0x000001c2a280f800 Uncommon trap: reason=unstable_if action=reinterpret pc=0x000001c2b2a0fd00 method=java.io.WinNTFileSystem.isSlash(C)Z @ 9 c2
Event: 3.072 Thread 0x000001c2a280f800 DEOPT PACKING pc=0x000001c2b2a0fd00 sp=0x00000099fd9fe220
Event: 3.072 Thread 0x000001c2a280f800 DEOPT UNPACKING pc=0x000001c2aaf485af sp=0x00000099fd9fe1a8 mode 2

Classes redefined (0 events):
No events

Internal exceptions (20 events):
Event: 2.962 Thread 0x000001c2a280f800 Exception <a 'java/lang/NoSuchMethodError'{0x000000008a7758d8}: 'java.lang.Object java.lang.invoke.Invokers$Holder.linkToTargetMethod(java.lang.Object, java.lang.Object, int, java.lang.Object)'> (0x000000008a7758d8) thrown at [./src/hotspot/share/interpreter/linkResolver.cpp, line 773]
Event: 2.965 Thread 0x000001c2a280f800 Exception <a 'sun/nio/fs/WindowsException'{0x000000008a779550}> (0x000000008a779550) thrown at [./src/hotspot/share/prims/jni.cpp, line 616]
Event: 2.965 Thread 0x000001c2a280f800 Exception <a 'sun/nio/fs/WindowsException'{0x000000008a7798a0}> (0x000000008a7798a0) thrown at [./src/hotspot/share/prims/jni.cpp, line 616]
Event: 2.965 Thread 0x000001c2a280f800 Exception <a 'sun/nio/fs/WindowsException'{0x000000008a77a7a8}> (0x000000008a77a7a8) thrown at [./src/hotspot/share/prims/jni.cpp, line 616]
Event: 2.965 Thread 0x000001c2a280f800 Exception <a 'sun/nio/fs/WindowsException'{0x000000008a77ab18}> (0x000000008a77ab18) thrown at [./src/hotspot/share/prims/jni.cpp, line 616]
Event: 2.990 Thread 0x000001c2a280f800 Exception <a 'sun/nio/fs/WindowsException'{0x000000008a77ec28}> (0x000000008a77ec28) thrown at [./src/hotspot/share/prims/jni.cpp, line 616]
Event: 2.990 Thread 0x000001c2a280f800 Exception <a 'sun/nio/fs/WindowsException'{0x000000008a77ef80}> (0x000000008a77ef80) thrown at [./src/hotspot/share/prims/jni.cpp, line 616]
Event: 2.990 Thread 0x000001c2a280f800 Exception <a 'sun/nio/fs/WindowsException'{0x000000008a77fe98}> (0x000000008a77fe98) thrown at [./src/hotspot/share/prims/jni.cpp, line 616]
Event: 2.990 Thread 0x000001c2a280f800 Exception <a 'sun/nio/fs/WindowsException'{0x000000008a780218}> (0x000000008a780218) thrown at [./src/hotspot/share/prims/jni.cpp, line 616]
Event: 2.990 Thread 0x000001c2a280f800 Exception <a 'sun/nio/fs/WindowsException'{0x000000008a781cd8}> (0x000000008a781cd8) thrown at [./src/hotspot/share/prims/jni.cpp, line 616]
Event: 2.990 Thread 0x000001c2a280f800 Exception <a 'sun/nio/fs/WindowsException'{0x000000008a782048}> (0x000000008a782048) thrown at [./src/hotspot/share/prims/jni.cpp, line 616]
Event: 2.990 Thread 0x000001c2a280f800 Exception <a 'sun/nio/fs/WindowsException'{0x000000008a7839d8}> (0x000000008a7839d8) thrown at [./src/hotspot/share/prims/jni.cpp, line 616]
Event: 2.990 Thread 0x000001c2a280f800 Exception <a 'sun/nio/fs/WindowsException'{0x000000008a783d08}> (0x000000008a783d08) thrown at [./src/hotspot/share/prims/jni.cpp, line 616]
Event: 2.990 Thread 0x000001c2a280f800 Exception <a 'sun/nio/fs/WindowsException'{0x000000008a784c00}> (0x000000008a784c00) thrown at [./src/hotspot/share/prims/jni.cpp, line 616]
Event: 2.990 Thread 0x000001c2a280f800 Exception <a 'sun/nio/fs/WindowsException'{0x000000008a784f60}> (0x000000008a784f60) thrown at [./src/hotspot/share/prims/jni.cpp, line 616]
Event: 3.001 Thread 0x000001c2a280f800 Exception <a 'sun/nio/fs/WindowsException'{0x000000008a787850}> (0x000000008a787850) thrown at [./src/hotspot/share/prims/jni.cpp, line 616]
Event: 3.001 Thread 0x000001c2a280f800 Exception <a 'sun/nio/fs/WindowsException'{0x000000008a787b90}> (0x000000008a787b90) thrown at [./src/hotspot/share/prims/jni.cpp, line 616]
Event: 3.001 Thread 0x000001c2a280f800 Exception <a 'sun/nio/fs/WindowsException'{0x000000008a788a90}> (0x000000008a788a90) thrown at [./src/hotspot/share/prims/jni.cpp, line 616]
Event: 3.001 Thread 0x000001c2a280f800 Exception <a 'sun/nio/fs/WindowsException'{0x000000008a788df0}> (0x000000008a788df0) thrown at [./src/hotspot/share/prims/jni.cpp, line 616]
Event: 3.136 Thread 0x000001c2a280f800 Exception <a 'java/lang/NullPointerException'{0x000000008b1fd890}> (0x000000008b1fd890) thrown at [./src/hotspot/share/interpreter/linkResolver.cpp, line 1440]

Events (20 events):
Event: 3.153 loading class java/awt/Component done
Event: 3.153 loading class com/sun/xml/bind/v2/model/impl/RuntimeBuiltinLeafInfoImpl$10$1
Event: 3.153 loading class com/sun/xml/bind/v2/model/impl/RuntimeBuiltinLeafInfoImpl$10$1 done
Event: 3.153 loading class java/awt/Graphics
Event: 3.154 loading class java/awt/Graphics done
Event: 3.154 loading class java/awt/Graphics2D
Event: 3.154 loading class java/awt/Graphics2D done
Event: 3.154 loading class com/sun/xml/bind/v2/model/impl/RuntimeBuiltinLeafInfoImpl$11
Event: 3.154 loading class com/sun/xml/bind/v2/model/impl/RuntimeBuiltinLeafInfoImpl$11 done
Event: 3.155 loading class javax/activation/DataSource
Event: 3.155 loading class javax/activation/DataSource done
Event: 3.156 loading class javax/activation/DataHandler
Event: 3.156 loading class javax/activation/DataHandler done
Event: 3.157 loading class java/awt/datatransfer/Transferable
Event: 3.157 loading class java/awt/datatransfer/Transferable done
Event: 3.157 loading class com/sun/xml/bind/v2/model/impl/RuntimeBuiltinLeafInfoImpl$12
Event: 3.157 loading class com/sun/xml/bind/v2/model/impl/RuntimeBuiltinLeafInfoImpl$12 done
Event: 3.159 loading class javax/activation/MimeTypeParseException
Event: 3.159 loading class javax/activation/MimeTypeParseException done
Event: 3.159 loading class java/io/UnsupportedEncodingException


Dynamic libraries:
0x00007ff6cfb10000 - 0x00007ff6cfb1d000 	D:\unity\2022.3.7f1\Editor\Data\PlaybackEngines\AndroidPlayer\OpenJDK\bin\java.exe
0x00007fff16ff0000 - 0x00007fff17207000 	C:\WINDOWS\SYSTEM32\ntdll.dll
0x00007fff16080000 - 0x00007fff16144000 	C:\WINDOWS\System32\KERNEL32.DLL
0x00007fff143d0000 - 0x00007fff14776000 	C:\WINDOWS\System32\KERNELBASE.dll
0x00007fff14990000 - 0x00007fff14aa1000 	C:\WINDOWS\System32\ucrtbase.dll
0x00007ffeff830000 - 0x00007ffeff847000 	D:\unity\2022.3.7f1\Editor\Data\PlaybackEngines\AndroidPlayer\OpenJDK\bin\jli.dll
0x00007fff16150000 - 0x00007fff162fe000 	C:\WINDOWS\System32\USER32.dll
0x00007fff14960000 - 0x00007fff14986000 	C:\WINDOWS\System32\win32u.dll
0x00007fff15860000 - 0x00007fff15889000 	C:\WINDOWS\System32\GDI32.dll
0x00007fff14ab0000 - 0x00007fff14bc8000 	C:\WINDOWS\System32\gdi32full.dll
0x00007fff14780000 - 0x00007fff1481a000 	C:\WINDOWS\System32\msvcp_win.dll
0x00007ffed0860000 - 0x00007ffed0875000 	D:\unity\2022.3.7f1\Editor\Data\PlaybackEngines\AndroidPlayer\OpenJDK\bin\VCRUNTIME140.dll
0x00007fff08620000 - 0x00007fff088b3000 	C:\WINDOWS\WinSxS\amd64_microsoft.windows.common-controls_6595b64144ccf1df_6.0.22621.2506_none_270c5ae97388e100\COMCTL32.dll
0x00007fff15f90000 - 0x00007fff16037000 	C:\WINDOWS\System32\msvcrt.dll
0x00007fff16040000 - 0x00007fff16071000 	C:\WINDOWS\System32\IMM32.DLL
0x00007ffea4c30000 - 0x00007ffea4ccb000 	D:\unity\2022.3.7f1\Editor\Data\PlaybackEngines\AndroidPlayer\OpenJDK\bin\msvcp140.dll
0x00007ffe94b20000 - 0x00007ffe956a1000 	D:\unity\2022.3.7f1\Editor\Data\PlaybackEngines\AndroidPlayer\OpenJDK\bin\server\jvm.dll
0x00007fff159e0000 - 0x00007fff15a91000 	C:\WINDOWS\System32\ADVAPI32.dll
0x00007fff16400000 - 0x00007fff164a5000 	C:\WINDOWS\System32\sechost.dll
0x00007fff15cb0000 - 0x00007fff15dc7000 	C:\WINDOWS\System32\RPCRT4.dll
0x00007fff14e20000 - 0x00007fff14e28000 	C:\WINDOWS\System32\PSAPI.DLL
0x00007fff023e0000 - 0x00007fff023e9000 	C:\WINDOWS\SYSTEM32\WSOCK32.dll
0x00007fff16580000 - 0x00007fff165f1000 	C:\WINDOWS\System32\WS2_32.dll
0x00007fff0f130000 - 0x00007fff0f164000 	C:\WINDOWS\SYSTEM32\WINMM.dll
0x00007fff0a120000 - 0x00007fff0a12a000 	C:\WINDOWS\SYSTEM32\VERSION.dll
0x00007fff13360000 - 0x00007fff13378000 	C:\WINDOWS\SYSTEM32\kernel.appcore.dll
0x00007ffeff820000 - 0x00007ffeff830000 	D:\unity\2022.3.7f1\Editor\Data\PlaybackEngines\AndroidPlayer\OpenJDK\bin\verify.dll
0x00007fff11b90000 - 0x00007fff11dc3000 	C:\WINDOWS\SYSTEM32\DBGHELP.DLL
0x00007fff16a80000 - 0x00007fff16e09000 	C:\WINDOWS\System32\combase.dll
0x00007fff15bd0000 - 0x00007fff15ca7000 	C:\WINDOWS\System32\OLEAUT32.dll
0x00007fff0f0f0000 - 0x00007fff0f122000 	C:\WINDOWS\SYSTEM32\dbgcore.DLL
0x00007fff148e0000 - 0x00007fff1495a000 	C:\WINDOWS\System32\bcryptPrimitives.dll
0x00007ffed0830000 - 0x00007ffed0858000 	D:\unity\2022.3.7f1\Editor\Data\PlaybackEngines\AndroidPlayer\OpenJDK\bin\java.dll
0x00007ffed6650000 - 0x00007ffed665a000 	D:\unity\2022.3.7f1\Editor\Data\PlaybackEngines\AndroidPlayer\OpenJDK\bin\jimage.dll
0x00007ffebf190000 - 0x00007ffebf1a8000 	D:\unity\2022.3.7f1\Editor\Data\PlaybackEngines\AndroidPlayer\OpenJDK\bin\zip.dll
0x00007fff14e40000 - 0x00007fff1569a000 	C:\WINDOWS\System32\SHELL32.dll
0x00007fff12280000 - 0x00007fff12b76000 	C:\WINDOWS\SYSTEM32\windows.storage.dll
0x00007fff12140000 - 0x00007fff1227e000 	C:\WINDOWS\SYSTEM32\wintypes.dll
0x00007fff15e40000 - 0x00007fff15f33000 	C:\WINDOWS\System32\SHCORE.dll
0x00007fff14d40000 - 0x00007fff14d9e000 	C:\WINDOWS\System32\shlwapi.dll
0x00007fff14290000 - 0x00007fff142b6000 	C:\WINDOWS\SYSTEM32\profapi.dll
0x00007ffeb6050000 - 0x00007ffeb6069000 	D:\unity\2022.3.7f1\Editor\Data\PlaybackEngines\AndroidPlayer\OpenJDK\bin\net.dll
0x00007fff0c710000 - 0x00007fff0c847000 	C:\WINDOWS\SYSTEM32\WINHTTP.dll
0x00007fff137e0000 - 0x00007fff13849000 	C:\WINDOWS\system32\mswsock.dll
0x00007ffeb5f50000 - 0x00007ffeb5f63000 	D:\unity\2022.3.7f1\Editor\Data\PlaybackEngines\AndroidPlayer\OpenJDK\bin\nio.dll

dbghelp: loaded successfully - version: 4.0.5 - missing functions: none
symbol engine: initialized successfully - sym options: 0x614 - pdb path: .;D:\unity\2022.3.7f1\Editor\Data\PlaybackEngines\AndroidPlayer\OpenJDK\bin;C:\WINDOWS\SYSTEM32;C:\WINDOWS\WinSxS\amd64_microsoft.windows.common-controls_6595b64144ccf1df_6.0.22621.2506_none_270c5ae97388e100;D:\unity\2022.3.7f1\Editor\Data\PlaybackEngines\AndroidPlayer\OpenJDK\bin\server

VM Arguments:
jvm_args: -Dfile.encoding=UTF-8 -Dcom.android.sdkmanager.toolsdir=D:\unity\2022.3.7f1\Editor\Data\PlaybackEngines\AndroidPlayer\SDK\cmdline-tools\6.0\bin\\.. 
java_command: com.android.sdklib.tool.AvdManagerCli list target -c
java_class_path (initial): D:\unity\2022.3.7f1\Editor\Data\PlaybackEngines\AndroidPlayer\SDK\cmdline-tools\6.0\bin\..\lib\avdmanager-classpath.jar
Launcher Type: SUN_STANDARD

[Global flags]
     intx CICompilerCount                          = 3                                         {product} {ergonomic}
     uint ConcGCThreads                            = 1                                         {product} {ergonomic}
     uint G1ConcRefinementThreads                  = 4                                         {product} {ergonomic}
   size_t G1HeapRegionSize                         = 1048576                                   {product} {ergonomic}
    uintx GCDrainStackTargetSize                   = 64                                        {product} {ergonomic}
   size_t InitialHeapSize                          = 132120576                                 {product} {ergonomic}
   size_t MarkStackSize                            = 4194304                                   {product} {ergonomic}
   size_t MaxHeapSize                              = 2090860544                                {product} {ergonomic}
   size_t MaxNewSize                               = 1254096896                                {product} {ergonomic}
   size_t MinHeapDeltaBytes                        = 1048576                                   {product} {ergonomic}
    uintx NonNMethodCodeHeapSize                   = 5830732                                {pd product} {ergonomic}
    uintx NonProfiledCodeHeapSize                  = 122913754                              {pd product} {ergonomic}
    uintx ProfiledCodeHeapSize                     = 122913754                              {pd product} {ergonomic}
    uintx ReservedCodeCacheSize                    = 251658240                              {pd product} {ergonomic}
     bool SegmentedCodeCache                       = true                                      {product} {ergonomic}
     bool UseCompressedClassPointers               = true                                 {lp64_product} {ergonomic}
     bool UseCompressedOops                        = true                                 {lp64_product} {ergonomic}
     bool UseG1GC                                  = true                                      {product} {ergonomic}
     bool UseLargePagesIndividualAllocation        = false                                  {pd product} {ergonomic}

Logging:
Log output configuration:
 #0: stdout all=warning uptime,level,tags
 #1: stderr all=off uptime,level,tags

Environment Variables:
JAVA_HOME=D:\unity\2022.3.7f1\Editor\Data\PlaybackEngines\AndroidPlayer\OpenJDK
JAVA_TOOL_OPTIONS=-Dfile.encoding=UTF-8
CLASSPATH=D:\unity\2022.3.7f1\Editor\Data\PlaybackEngines\AndroidPlayer\SDK\cmdline-tools\6.0\bin\..\lib\avdmanager-classpath.jar
PATH=C:\Python312\Scripts\;C:\Python312\;C:\WINDOWS\system32;C:\WINDOWS;C:\WINDOWS\System32\Wbem;C:\WINDOWS\System32\WindowsPowerShell\v1.0\;C:\WINDOWS\System32\OpenSSH\;C:\Program Files\Git LFS;C:\Program Files\Git\cmd;C:\Program Files (x86)\GtkSharp\2.12\bin;C:\Program Files\Microsoft SQL Server\150\Tools\Binn\;C:\Program Files (x86)\nodejs\;C:\ProgramData\chocolatey\bin;%PYTHON2_HOME%;%PYTHON2_HOME%\Scripts;C:\Users\91809\AppData\Local\Microsoft\WindowsApps;C:\Users\91809\AppData\Local\Programs\Microsoft VS Code\bin;C:\Users\91809\AppData\Local\GitHubDesktop\bin;D:\unity\2022.3.7f1\Editor\Data\PlaybackEngines\AndroidPlayer\OpenJDK\bin;C:\Users\91809\AppData\Roaming\npm
USERNAME=91809
OS=Windows_NT
PROCESSOR_IDENTIFIER=Intel64 Family 6 Model 140 Stepping 1, GenuineIntel



---------------  S Y S T E M  ---------------

OS: Windows 11 , 64 bit Build 22621 (10.0.22621.2506)
OS uptime: 2 days 4:32 hours

CPU:total 4 (initial active 4) (2 cores per cpu, 2 threads per core) family 6 model 140 stepping 1 microcode 0x8a, cmov, cx8, fxsr, mmx, sse, sse2, sse3, ssse3, sse4.1, sse4.2, popcnt, avx, avx2, aes, clmul, erms, 3dnowpref, lzcnt, ht, tsc, tscinvbit, bmi1, bmi2, adx, evex, sha, fma

Memory: 4k page, system-wide physical 7975M (447M free)
TotalPageFile size 20775M (AvailPageFile size 1M)
current process WorkingSet (physical memory assigned to process): 68M, peak: 68M
current process commit charge ("private bytes"): 210M, peak: 210M

vm_info: OpenJDK 64-Bit Server VM (11.0.14.1+1) for windows-amd64 JRE (11.0.14.1+1), built on Feb  9 2022 01:48:27 by "" with unknown MS VC++:1916

END.
